{"expireTime":9007200911767383000,"key":"transformer-remark-markdown-ast-8dac7c377be3fef19fc11e978fd6225f--","val":{"type":"root","children":[{"type":"heading","depth":2,"children":[{"type":"text","value":"Troubleshooting the build","position":{"start":{"line":2,"column":4,"offset":4},"end":{"line":2,"column":29,"offset":29}}}],"position":{"start":{"line":2,"column":1,"offset":1},"end":{"line":2,"column":29,"offset":29}}},{"type":"heading","depth":3,"children":[{"type":"text","value":"Read -i invalid option","position":{"start":{"line":4,"column":5,"offset":35},"end":{"line":4,"column":27,"offset":57}}}],"position":{"start":{"line":4,"column":1,"offset":31},"end":{"line":4,"column":27,"offset":57}}},{"type":"paragraph","children":[{"type":"text","value":"You can experience this on Mac OS:","position":{"start":{"line":6,"column":1,"offset":59},"end":{"line":6,"column":35,"offset":93}}}],"position":{"start":{"line":6,"column":1,"offset":59},"end":{"line":6,"column":35,"offset":93}}},{"type":"code","lang":"shell","meta":null,"value":"read: -i: invalid option","position":{"start":{"line":8,"column":1,"offset":95},"end":{"line":10,"column":4,"offset":132}}},{"type":"paragraph","children":[{"type":"text","value":"It is because Mac OS has too old bash version. Upgrade bash version and set it to default:","position":{"start":{"line":12,"column":1,"offset":134},"end":{"line":12,"column":91,"offset":224}}}],"position":{"start":{"line":12,"column":1,"offset":134},"end":{"line":12,"column":91,"offset":224}}},{"type":"code","lang":"shell","meta":null,"value":"brew install bash\nchsh -s /usr/local/bin/bash","position":{"start":{"line":14,"column":1,"offset":226},"end":{"line":17,"column":4,"offset":284}}},{"type":"heading","depth":3,"children":[{"type":"text","value":"Problem with gRPC","position":{"start":{"line":19,"column":5,"offset":290},"end":{"line":19,"column":22,"offset":307}}}],"position":{"start":{"line":19,"column":1,"offset":286},"end":{"line":19,"column":22,"offset":307}}},{"type":"paragraph","children":[{"type":"text","value":"If you experience this problem:","position":{"start":{"line":21,"column":1,"offset":309},"end":{"line":21,"column":32,"offset":340}}}],"position":{"start":{"line":21,"column":1,"offset":309},"end":{"line":21,"column":32,"offset":340}}},{"type":"code","lang":"shell","meta":null,"value":"--grpc_out: protoc-gen-grpc: Plugin failed with status code 1.\n/bin/grpc_cpp_plugin: program not found or is not executable","position":{"start":{"line":23,"column":1,"offset":342},"end":{"line":26,"column":4,"offset":478}}},{"type":"code","lang":"shell","meta":null,"value":"ninja: error: 'protobuf/testgen.grpc.pb.h', needed by 'CMakeFiles/utbot.dir/main.cpp.o', missing and no known rule to make it","position":{"start":{"line":28,"column":1,"offset":480},"end":{"line":30,"column":4,"offset":618}}},{"type":"paragraph","children":[{"type":"text","value":"Copy the program to /bin:","position":{"start":{"line":32,"column":1,"offset":620},"end":{"line":32,"column":26,"offset":645}}}],"position":{"start":{"line":32,"column":1,"offset":620},"end":{"line":32,"column":26,"offset":645}}},{"type":"code","lang":"shell","meta":null,"value":"cp /utbot_distr/install/bin/grpc_cpp_plugin /bin/","position":{"start":{"line":34,"column":1,"offset":647},"end":{"line":36,"column":4,"offset":709}}},{"type":"heading","depth":3,"children":[{"type":"text","value":"Error while mounting empty volume","position":{"start":{"line":38,"column":5,"offset":715},"end":{"line":38,"column":38,"offset":748}}}],"position":{"start":{"line":38,"column":1,"offset":711},"end":{"line":38,"column":38,"offset":748}}},{"type":"paragraph","children":[{"type":"text","value":"If this error happens on Mac OS:","position":{"start":{"line":40,"column":1,"offset":750},"end":{"line":40,"column":33,"offset":782}}}],"position":{"start":{"line":40,"column":1,"offset":750},"end":{"line":40,"column":33,"offset":782}}},{"type":"code","lang":"shell","meta":null,"value":"docker: Error response from daemon: error while mounting volume '': VolumeDriver.Mount: exit status 1%!(EXTRA []interface {}=[]).","position":{"start":{"line":42,"column":1,"offset":784},"end":{"line":44,"column":4,"offset":926}}},{"type":"paragraph","children":[{"type":"text","value":"Remove the following line in utbot_docker_dev.sh:","position":{"start":{"line":46,"column":1,"offset":928},"end":{"line":46,"column":50,"offset":977}}}],"position":{"start":{"line":46,"column":1,"offset":928},"end":{"line":46,"column":50,"offset":977}}},{"type":"code","lang":"shell","meta":null,"value":" -v $MOUNT_LOCAL_NAME:/home/utbot/mnt \\","position":{"start":{"line":48,"column":1,"offset":979},"end":{"line":50,"column":4,"offset":1031}}},{"type":"heading","depth":3,"children":[{"type":"text","value":"Failed to load project in CLion","position":{"start":{"line":52,"column":5,"offset":1037},"end":{"line":52,"column":36,"offset":1068}}}],"position":{"start":{"line":52,"column":1,"offset":1033},"end":{"line":52,"column":36,"offset":1068}}},{"type":"paragraph","children":[{"type":"text","value":"If error like this happens then you try load Cmake in CLion","position":{"start":{"line":54,"column":1,"offset":1070},"end":{"line":54,"column":60,"offset":1129}}}],"position":{"start":{"line":54,"column":1,"offset":1070},"end":{"line":54,"column":60,"offset":1129}}},{"type":"code","lang":null,"meta":null,"value":"CMake File API: C:\\Users\\user\\work\\UTBotCpp\\server\\cmake-build-debug-remote-host-ml: target-gmock-Debug-0b6fa789e179f468efb4.json: no CMakeLists.txt file at '\\utbot_distr\\gtest\\googlemock\\CMakeLists.txt'","position":{"start":{"line":56,"column":1,"offset":1131},"end":{"line":58,"column":4,"offset":1342}}},{"type":"paragraph","children":[{"type":"link","title":null,"url":"https://youtrack.jetbrains.com/issue/CPP-27998#focus=Comments-27-5697854.0-0","children":[{"type":"text","value":"check solution in issue","position":{"start":{"line":60,"column":2,"offset":1345},"end":{"line":60,"column":25,"offset":1368}}}],"position":{"start":{"line":60,"column":1,"offset":1344},"end":{"line":60,"column":104,"offset":1447}}}],"position":{"start":{"line":60,"column":1,"offset":1344},"end":{"line":60,"column":104,"offset":1447}}},{"type":"heading","depth":3,"children":[{"type":"text","value":"Error when run plugin in debugger","position":{"start":{"line":62,"column":5,"offset":1453},"end":{"line":62,"column":38,"offset":1486}}}],"position":{"start":{"line":62,"column":1,"offset":1449},"end":{"line":62,"column":38,"offset":1486}}},{"type":"paragraph","children":[{"type":"text","value":"If you experience this error:","position":{"start":{"line":64,"column":1,"offset":1488},"end":{"line":64,"column":30,"offset":1517}}}],"position":{"start":{"line":64,"column":1,"offset":1488},"end":{"line":64,"column":30,"offset":1517}}},{"type":"code","lang":"shell","meta":null,"value":"command npm run watch terminated with exit code 1","position":{"start":{"line":66,"column":1,"offset":1519},"end":{"line":68,"column":4,"offset":1581}}},{"type":"paragraph","children":[{"type":"text","value":"Then there is compilation error and if it is not fixed the previous version of the code will run (debugger won't work\ncorrectly)","position":{"start":{"line":70,"column":1,"offset":1583},"end":{"line":71,"column":11,"offset":1711}}}],"position":{"start":{"line":70,"column":1,"offset":1583},"end":{"line":71,"column":11,"offset":1711}}}],"position":{"start":{"line":1,"column":1,"offset":0},"end":{"line":71,"column":11,"offset":1711}}}}