{"componentChunkName":"component---src-templates-docs-page-jsx","path":"/docs/cpp/develop/troubleshooting","result":{"data":{"markdownRemark":{"html":"<h2>Troubleshooting the build</h2>\n<h3>Read -i invalid option</h3>\n<p>You can experience this on Mac OS:</p>\n<pre><code class=\"language-shell\">read: -i: invalid option\n</code></pre>\n<p>It is because Mac OS has too old bash version. Upgrade bash version and set it to default:</p>\n<pre><code class=\"language-shell\">brew install bash\nchsh -s /usr/local/bin/bash\n</code></pre>\n<h3>Problem with gRPC</h3>\n<p>If you experience this problem:</p>\n<pre><code class=\"language-shell\">--grpc_out: protoc-gen-grpc: Plugin failed with status code 1.\n/bin/grpc_cpp_plugin: program not found or is not executable\n</code></pre>\n<pre><code class=\"language-shell\">ninja: error: 'protobuf/testgen.grpc.pb.h', needed by 'CMakeFiles/utbot.dir/main.cpp.o', missing and no known rule to make it\n</code></pre>\n<p>Copy the program to /bin:</p>\n<pre><code class=\"language-shell\">cp /utbot_distr/install/bin/grpc_cpp_plugin /bin/\n</code></pre>\n<h3>Error while mounting empty volume</h3>\n<p>If this error happens on Mac OS:</p>\n<pre><code class=\"language-shell\">docker: Error response from daemon: error while mounting volume '': VolumeDriver.Mount: exit status 1%!(EXTRA []interface {}=[]).\n</code></pre>\n<p>Remove the following line in utbot_docker_dev.sh:</p>\n<pre><code class=\"language-shell\"> -v $MOUNT_LOCAL_NAME:/home/utbot/mnt \\\n</code></pre>\n<h3>Failed to load project in CLion</h3>\n<p>If error like this happens then you try load Cmake in CLion</p>\n<pre><code>CMake File API: C:\\Users\\user\\work\\UTBotCpp\\server\\cmake-build-debug-remote-host-ml: target-gmock-Debug-0b6fa789e179f468efb4.json: no CMakeLists.txt file at '\\utbot_distr\\gtest\\googlemock\\CMakeLists.txt'\n</code></pre>\n<p><a href=\"https://youtrack.jetbrains.com/issue/CPP-27998#focus=Comments-27-5697854.0-0\">check solution in issue</a></p>\n<h3>Error when run plugin in debugger</h3>\n<p>If you experience this error:</p>\n<pre><code class=\"language-shell\">command npm run watch terminated with exit code 1\n</code></pre>\n<p>Then there is compilation error and if it is not fixed the previous version of the code will run (debugger won't work\ncorrectly)</p>","frontmatter":{"path":"/docs/cpp/develop/troubleshooting"}}},"pageContext":{}},"staticQueryHashes":["1550867996","2819311301","63159454"]}